<?xml version="1.0" encoding="utf-8"?><testsuites><testsuite errors="0" failures="0" hostname="triton" name="pytest" skipped="0" tests="7" time="3.295" timestamp="2020-09-04T17:58:31.765854"><testcase classname="tests.test_heat1d.ipynb" file="tests/test_heat1d.ipynb" line="0" name="Cell 0" time="0.932"></testcase><testcase classname="tests.test_heat1d.ipynb" file="tests/test_heat1d.ipynb" line="0" name="Cell 1" time="1.927"></testcase><testcase classname="tests.test_heat1d.ipynb" file="tests/test_heat1d.ipynb" line="0" name="Cell 2" time="0.017"></testcase><testcase classname="tests.test_heat1d.ipynb" file="tests/test_heat1d.ipynb" line="0" name="Cell 3" time="0.012"></testcase><testcase classname="tests.test_heat1d.ipynb" file="tests/test_heat1d.ipynb" line="0" name="Cell 4" time="0.012"></testcase><testcase classname="tests.test_heat1d" file="tests/test_heat1d.py" line="23" name="test_content" time="0.001"></testcase><testcase classname="tests.test_heat1d" file="tests/test_heat1d.py" line="29" name="test_command_line_interface" time="0.002"></testcase></testsuite></testsuites>